<?xml version="1.0" encoding="UTF-8"?>
<testsuite xmlns:xsi="http://www.w3.org/2001/XMLSchema-instance" xsi:noNamespaceSchemaLocation="https://maven.apache.org/surefire/maven-surefire-plugin/xsd/surefire-test-report.xsd" version="3.0.2" name="com.tesseract.demo.TesseractOcrApplicationTests" time="1.852" tests="1" errors="0" skipped="0" failures="0">
  <properties>
[...]
</properties>
  <testcase name="contextLoads" classname="com.tesseract.demo.TesseractOcrApplicationTests" time="0.569">
    <system-out><![CDATA[21:48:00.141 [main] INFO org.springframework.test.context.support.AnnotationConfigContextLoaderUtils -- Could not detect default configuration classes for test class [com.tesseract.demo.TesseractOcrApplicationTests]: TesseractOcrApplicationTests does not declare any static, non-private, non-final, nested classes annotated with @Configuration.
21:48:00.266 [main] INFO org.springframework.boot.test.context.SpringBootTestContextBootstrapper -- Found @SpringBootConfiguration com.tesseract.demo.TesseractOcrApplication for test class com.tesseract.demo.TesseractOcrApplicationTests

  .   ____          _            __ _ _
 /\\ / ___'_ __ _ _(_)_ __  __ _ \ \ \ \
( ( )\___ | '_ | '_| | '_ \/ _` | \ \ \ \
 \\/  ___)| |_)| | | | | || (_| |  ) ) ) )
  '  |____| .__|_| |_|_| |_\__, | / / / /
 =========|_|==============|___/=/_/_/_/

 :: Spring Boot ::                (v3.4.3)

2025-02-22T21:48:00.540+05:30  INFO 79315 --- [Tesseract_ocr] [           main] c.t.demo.TesseractOcrApplicationTests    : Starting TesseractOcrApplicationTests using Java 23.0.2 with PID 79315 (started by ttpl-lnvl15-0287 in /home/ttpl-lnvl15-0287/Desktop/Desktop Folder/Tesseract OCR/demo)
2025-02-22T21:48:00.541+05:30  INFO 79315 --- [Tesseract_ocr] [           main] c.t.demo.TesseractOcrApplicationTests    : No active profile set, falling back to 1 default profile: "default"
2025-02-22T21:48:01.214+05:30  INFO 79315 --- [Tesseract_ocr] [           main] c.t.demo.TesseractOcrApplicationTests    : Started TesseractOcrApplicationTests in 0.877 seconds (process running for 1.857)
]]></system-out>
    <system-err><![CDATA[Mockito is currently self-attaching to enable the inline-mock-maker. This will no longer work in future releases of the JDK. Please add Mockito as an agent to your build what is described in Mockito's documentation: https://javadoc.io/doc/org.mockito/mockito-core/latest/org/mockito/Mockito.html#0.3
WARNING: A Java agent has been loaded dynamically (/home/ttpl-lnvl15-0287/.m2/repository/net/bytebuddy/byte-buddy-agent/1.15.11/byte-buddy-agent-1.15.11.jar)
WARNING: If a serviceability tool is in use, please run with -XX:+EnableDynamicAgentLoading to hide this warning
WARNING: If a serviceability tool is not in use, please run with -Djdk.instrument.traceUsage for more information
WARNING: Dynamic loading of agents will be disallowed by default in a future release
]]></system-err>
  </testcase>
</testsuite>